<?xml version="1.0" encoding="UTF-8"?>
<testng-results ignored="0" total="1" passed="1" failed="0" skipped="0">
  <reporter-output>
  </reporter-output>
  <suite started-at="2022-11-05T16:39:57 IST" name="Suite" finished-at="2022-11-05T16:40:30 IST" duration-ms="32296">
    <groups>
    </groups>
    <test started-at="2022-11-05T16:39:57 IST" name="Test" finished-at="2022-11-05T16:40:30 IST" duration-ms="32296">
      <class name="testValidation.testing">
        <test-method is-config="true" signature="openBrowser()[pri:0, instance:testValidation.testing@4f2b503c]" started-at="2022-11-05T16:39:46 IST" name="openBrowser" finished-at="2022-11-05T16:39:57 IST" duration-ms="10820" status="PASS">
          <reporter-output>
          </reporter-output>
        </test-method> <!-- openBrowser -->
        <test-method signature="validation()[pri:0, instance:testValidation.testing@4f2b503c]" started-at="2022-11-05T16:39:57 IST" name="validation" finished-at="2022-11-05T16:40:30 IST" duration-ms="32241" status="PASS">
          <reporter-output>
          </reporter-output>
        </test-method> <!-- validation -->
        <test-method is-config="true" signature="teardown()[pri:0, instance:testValidation.testing@4f2b503c]" started-at="2022-11-05T16:40:31 IST" name="teardown" finished-at="2022-11-05T16:40:34 IST" duration-ms="3237" status="PASS">
          <reporter-output>
          </reporter-output>
        </test-method> <!-- teardown -->
      </class> <!-- testValidation.testing -->
    </test> <!-- Test -->
  </suite> <!-- Suite -->
</testng-results>
